The target system is: Generic - 3.3.99 - arm
The host system is: Darwin - 19.6.0 - x86_64
Compiling the C compiler identification source file "CMakeCCompilerId.c" succeeded.
Compiler: /Users/kafechew/zephyr-sdk-0.16.0/arm-zephyr-eabi/bin/arm-zephyr-eabi-gcc 
Build flags: 
Id flags: -c 

The output was:
0


Compilation of the C compiler identification source "CMakeCCompilerId.c" produced "CMakeCCompilerId.o"

The C compiler identification is GNU, found in "/Users/kafechew/Nordic/play/lesson5/fund_less5_exer1_solution/build/CMakeFiles/3.22.2/CompilerIdC/CMakeCCompilerId.o"

Compiling the CXX compiler identification source file "CMakeCXXCompilerId.cpp" succeeded.
Compiler: /Users/kafechew/zephyr-sdk-0.16.0/arm-zephyr-eabi/bin/arm-zephyr-eabi-g++ 
Build flags: 
Id flags: -c 

The output was:
0


Compilation of the CXX compiler identification source "CMakeCXXCompilerId.cpp" produced "CMakeCXXCompilerId.o"

The CXX compiler identification is GNU, found in "/Users/kafechew/Nordic/play/lesson5/fund_less5_exer1_solution/build/CMakeFiles/3.22.2/CompilerIdCXX/CMakeCXXCompilerId.o"

Checking whether the ASM compiler is GNU using "--version" matched "(GNU assembler)|(GCC)|(Free Software Foundation)":
arm-zephyr-eabi-gcc (Zephyr SDK 0.16.0) 12.2.0
Copyright (C) 2022 Free Software Foundation, Inc.
This is free software; see the source for copying conditions.  There is NO
warranty; not even for MERCHANTABILITY or FITNESS FOR A PARTICULAR PURPOSE.

Performing C SOURCE FILE Test check_fmacro_prefix_map__Users_kafechew_Nordic_play_lesson5_fund_less5_exer1_solution_CMAKE_SOURCE_DIR_C__nostartfiles__nostdlib__isystem___Users_kafechew_zephyr_sdk_0_16_0_arm_zephyr_eabi_bin____lib_gcc_arm_zephyr_eabi_12_2_0_include___isystem___Users_kafechew_zephyr_sdk_0_16_0_arm_zephyr_eabi_bin____lib_gcc_arm_zephyr_eabi_12_2_0_include_fixed___Wl___unresolved_symbols_ignore_in_object_files__Wl___entry_0 succeeded with the following output:
Change Dir: /Users/kafechew/Nordic/play/lesson5/fund_less5_exer1_solution/build/CMakeFiles/CMakeTmp

Run Build Command(s):/usr/local/bin/ninja cmTC_0296a && [1/2] Building C object CMakeFiles/cmTC_0296a.dir/src.c.obj
[2/2] Linking C executable cmTC_0296a


Source file was:
int main(void) { return 0; }
